[Android_Redmi_Note_7S INFO ] 2020-05-27 00:25:32.445 DriverManager:27 - initializing appium driver
[Android_Redmi_Note_7S INFO ] 2020-05-27 00:25:32.504 PropertyManager:18 - Loading config properties
[Android_Redmi_Note_7S INFO ] 2020-05-27 00:25:32.506 CapabilitiesManager:19 - getting capabilities
[Android_Redmi_Note_7S INFO ] 2020-05-27 00:25:32.508 CapabilitiesManager:36 - appUrl is/Users/sharadgupta/Documents/automation/AppiumCucumburFramework/src/test/resources/app/btv.apk
[Android_Redmi_Note_7S FATAL] 2020-05-27 00:25:40.627 DriverManager:45 - Driver init. failure abort !!!
[Android_Redmi_Note_7S INFO ] 2020-05-27 00:25:40.693 DriverManager:27 - initializing appium driver
[Android_Redmi_Note_7S INFO ] 2020-05-27 00:25:40.694 CapabilitiesManager:19 - getting capabilities
[Android_Redmi_Note_7S INFO ] 2020-05-27 00:25:40.695 CapabilitiesManager:36 - appUrl is/Users/sharadgupta/Documents/automation/AppiumCucumburFramework/src/test/resources/app/btv.apk
[Android_Redmi_Note_7S FATAL] 2020-05-27 00:25:40.742 DriverManager:45 - Driver init. failure abort !!!
[Android_Redmi_Note_7S INFO ] 2020-05-27 00:28:11.798 DriverManager:27 - initializing appium driver
[Android_Redmi_Note_7S INFO ] 2020-05-27 00:28:11.856 PropertyManager:18 - Loading config properties
[Android_Redmi_Note_7S INFO ] 2020-05-27 00:28:11.857 CapabilitiesManager:19 - getting capabilities
[Android_Redmi_Note_7S INFO ] 2020-05-27 00:28:11.860 CapabilitiesManager:36 - appUrl is/Users/sharadgupta/Documents/automation/AppiumCucumburFramework/src/test/resources/app/btv.apk
[Android_Redmi_Note_7S INFO ] 2020-05-27 00:28:31.864 DriverManager:40 - driver is initialize
[Android_Redmi_Note_7S INFO ] 2020-05-27 00:29:52.062 DriverManager:27 - initializing appium driver
[Android_Redmi_Note_7S INFO ] 2020-05-27 00:29:52.063 CapabilitiesManager:19 - getting capabilities
[Android_Redmi_Note_7S INFO ] 2020-05-27 00:29:52.063 CapabilitiesManager:36 - appUrl is/Users/sharadgupta/Documents/automation/AppiumCucumburFramework/src/test/resources/app/btv.apk
[Android_Redmi_Note_7S INFO ] 2020-05-27 00:30:07.227 DriverManager:40 - driver is initialize
[Android_Redmi_Note_7S INFO ] 2020-05-27 00:31:26.464 ProTipsPage:23 - Pro Tip Button Clicked
[Android_Redmi_Note_7S INFO ] 2020-05-27 00:32:43.023 DriverManager:27 - initializing appium driver
[Android_Redmi_Note_7S INFO ] 2020-05-27 00:32:43.093 PropertyManager:18 - Loading config properties
[Android_Redmi_Note_7S INFO ] 2020-05-27 00:32:43.096 CapabilitiesManager:19 - getting capabilities
[Android_Redmi_Note_7S INFO ] 2020-05-27 00:32:43.099 CapabilitiesManager:36 - appUrl is/Users/sharadgupta/Documents/automation/AppiumCucumburFramework/src/test/resources/app/btv.apk
[Android_Redmi_Note_7S INFO ] 2020-05-27 00:32:58.512 DriverManager:40 - driver is initialize
[Android_Redmi_Note_7S INFO ] 2020-05-27 00:34:38.378 DriverManager:27 - initializing appium driver
[Android_Redmi_Note_7S INFO ] 2020-05-27 00:34:38.379 CapabilitiesManager:19 - getting capabilities
[Android_Redmi_Note_7S INFO ] 2020-05-27 00:34:38.379 CapabilitiesManager:36 - appUrl is/Users/sharadgupta/Documents/automation/AppiumCucumburFramework/src/test/resources/app/btv.apk
[Android_Redmi_Note_7S INFO ] 2020-05-27 00:34:55.272 DriverManager:40 - driver is initialize
[Android_Redmi_Note_7S INFO ] 2020-05-27 00:36:23.277 ProTipsPage:23 - Pro Tip Button Clicked
[Android_Redmi_Note_7S INFO ] 2020-05-27 00:56:54.953 DriverManager:27 - initializing appium driver
[Android_Redmi_Note_7S INFO ] 2020-05-27 00:56:55.008 PropertyManager:18 - Loading config properties
[Android_Redmi_Note_7S INFO ] 2020-05-27 00:56:55.009 CapabilitiesManager:19 - getting capabilities
[Android_Redmi_Note_7S INFO ] 2020-05-27 00:56:55.012 CapabilitiesManager:36 - appUrl is/Users/sharadgupta/Documents/automation/AppiumCucumburFramework/src/test/resources/app/btv.apk
[Android_Redmi_Note_7S INFO ] 2020-05-27 00:57:11.248 DriverManager:40 - driver is initialize
